
Processing CheckZombie.C("../../../R4BG_WJ2/CRYOSTAT/K40/TB1/CRYOSTAT_K40_Nested.root")...
Processing file. 

Processing CheckZombie.C("../../../R4BG_WJ2/CRYOSTAT/K40/TB2/CRYOSTAT_K40_Nested.root")...
Processing file. 

Processing CheckZombie.C("../../../R4BG_WJ2/CRYOSTAT/K40/TB3/CRYOSTAT_K40_Nested.root")...
Processing file. 

Processing CheckZombie.C("../../../R4BG_WJ2/CRYOSTAT/K40/TB4/CRYOSTAT_K40_Nested.root")...
Processing file. 

Processing CheckZombie.C("../../../R4BG_WJ2/CRYOSTAT/Ra226/TB1/CRYOSTAT_Ra226_Nested.root")...
Processing file. 

Processing CheckZombie.C("../../../R4BG_WJ2/CRYOSTAT/Ra226/TB2/CRYOSTAT_Ra226_Nested.root")...
Processing file. 

Processing CheckZombie.C("../../../R4BG_WJ2/CRYOSTAT/Ra226/TB3/CRYOSTAT_Ra226_Nested.root")...
Processing file. 

Processing CheckZombie.C("../../../R4BG_WJ2/CRYOSTAT/Ra226/TB4/CRYOSTAT_Ra226_Nested.root")...
Processing file. 

Processing CheckZombie.C("../../../R4BG_WJ2/CRYOSTAT/Sc46/TB1/CRYOSTAT_Sc46_Nested.root")...
Processing file. 

Processing CheckZombie.C("../../../R4BG_WJ2/CRYOSTAT/Sc46/TB2/CRYOSTAT_Sc46_Nested.root")...
Processing file. 

Processing CheckZombie.C("../../../R4BG_WJ2/CRYOSTAT/Sc46/TB3/CRYOSTAT_Sc46_Nested.root")...
Processing file. 

Processing CheckZombie.C("../../../R4BG_WJ2/CRYOSTAT/Sc46/TB4/CRYOSTAT_Sc46_Nested.root")...
Processing file. 

Processing CheckZombie.C("../../../R4BG_WJ2/CRYOSTAT/Th232E/TB1/CRYOSTAT_Th232E_Nested.root")...
Processing file. 

Processing CheckZombie.C("../../../R4BG_WJ2/CRYOSTAT/Th232E/TB2/CRYOSTAT_Th232E_Nested.root")...
Processing file. 

Processing CheckZombie.C("../../../R4BG_WJ2/CRYOSTAT/Th232E/TB3/CRYOSTAT_Th232E_Nested.root")...
Processing file. 

Processing CheckZombie.C("../../../R4BG_WJ2/CRYOSTAT/Th232E/TB4/CRYOSTAT_Th232E_Nested.root")...
Processing file. 

Processing CheckZombie.C("../../../R4BG_WJ2/CRYOSTAT/Th232L/TB1/CRYOSTAT_Th232L_Nested.root")...
Processing file. 

Processing CheckZombie.C("../../../R4BG_WJ2/CRYOSTAT/Th232L/TB2/CRYOSTAT_Th232L_Nested.root")...
Processing file. 

Processing CheckZombie.C("../../../R4BG_WJ2/CRYOSTAT/Th232L/TB3/CRYOSTAT_Th232L_Nested.root")...
Processing file. 

Processing CheckZombie.C("../../../R4BG_WJ2/CRYOSTAT/Th232L/TB4/CRYOSTAT_Th232L_Nested.root")...
Processing file. 
Processing CheckZombie.C("../../../R4BG_WJ2/FCSHIELD/Co60/TB1/FCSHIELD_Co60_Nested.root")...
Processing file. 

Processing CheckZombie.C("../../../R4BG_WJ2/FCSHIELD/Co60/TB2/FCSHIELD_Co60_Nested.root")...
Processing file. 

Processing CheckZombie.C("../../../R4BG_WJ2/FCSHIELD/Co60/TB3/FCSHIELD_Co60_Nested.root")...
Processing file. 

Processing CheckZombie.C("../../../R4BG_WJ2/FCSHIELD/Co60/TB4/FCSHIELD_Co60_Nested.root")...

Processing CheckZombie.C("../../../R4BG_WJ2/FCSHIELD/Ra226/TB1/FCSHIELD_Ra226_Nested.root")...
Processing file. 

Processing CheckZombie.C("../../../R4BG_WJ2/FCSHIELD/Ra226/TB3/FCSHIELD_Ra226_Nested.root")...
Processing file. 

Processing CheckZombie.C("../../../R4BG_WJ2/FCSHIELD/Ra226/TB4/FCSHIELD_Ra226_Nested.root")...
