
Processing CheckZombie.C("../../../R4BG_WJ3/CRYOSTAT/K40/TB1/CRYOSTAT_K40_Nested.root")...

Processing CheckZombie.C("../../../R4BG_WJ3/CRYOSTAT/K40/TB2/CRYOSTAT_K40_Nested.root")...

Processing CheckZombie.C("../../../R4BG_WJ3/CRYOSTAT/K40/TB3/CRYOSTAT_K40_Nested.root")...

Processing CheckZombie.C("../../../R4BG_WJ3/CRYOSTAT/K40/TB4/CRYOSTAT_K40_Nested.root")...

Processing CheckZombie.C("../../../R4BG_WJ3/CRYOSTAT/Ra226/TB1/CRYOSTAT_Ra226_Nested.root")...

Processing CheckZombie.C("../../../R4BG_WJ3/CRYOSTAT/Ra226/TB2/CRYOSTAT_Ra226_Nested.root")...

Processing CheckZombie.C("../../../R4BG_WJ3/CRYOSTAT/Ra226/TB3/CRYOSTAT_Ra226_Nested.root")...

Processing CheckZombie.C("../../../R4BG_WJ3/CRYOSTAT/Ra226/TB4/CRYOSTAT_Ra226_Nested.root")...

Processing CheckZombie.C("../../../R4BG_WJ3/CRYOSTAT/Th232E/TB1/CRYOSTAT_Th232E_Nested.root")...

Processing CheckZombie.C("../../../R4BG_WJ3/CRYOSTAT/Th232E/TB2/CRYOSTAT_Th232E_Nested.root")...

Processing CheckZombie.C("../../../R4BG_WJ3/CRYOSTAT/Th232E/TB3/CRYOSTAT_Th232E_Nested.root")...

Processing CheckZombie.C("../../../R4BG_WJ3/CRYOSTAT/Th232E/TB4/CRYOSTAT_Th232E_Nested.root")...

Processing CheckZombie.C("../../../R4BG_WJ3/CRYOSTAT/Th232L/TB1/CRYOSTAT_Th232L_Nested.root")...

Processing CheckZombie.C("../../../R4BG_WJ3/CRYOSTAT/Th232L/TB2/CRYOSTAT_Th232L_Nested.root")...

Processing CheckZombie.C("../../../R4BG_WJ3/FCSHIELD/Co60/TB1/FCSHIELD_Co60_Nested.root")...

Processing CheckZombie.C("../../../R4BG_WJ3/FCSHIELD/Co60/TB2/FCSHIELD_Co60_Nested.root")...

Processing CheckZombie.C("../../../R4BG_WJ3/FCSHIELD/Co60/TB3/FCSHIELD_Co60_Nested.root")...

Processing CheckZombie.C("../../../R4BG_WJ3/FCSHIELD/Co60/TB4/FCSHIELD_Co60_Nested.root")...

Processing CheckZombie.C("../../../R4BG_WJ3/FCSHIELD/Ra226/TB1/FCSHIELD_Ra226_Nested.root")...

Processing CheckZombie.C("../../../R4BG_WJ3/FCSHIELD/Ra226/TB2/FCSHIELD_Ra226_Nested.root")...

Processing CheckZombie.C("../../../R4BG_WJ3/FCSHIELD/Ra226/TB3/FCSHIELD_Ra226_Nested.root")...

Processing CheckZombie.C("../../../R4BG_WJ3/FCSHIELD/Ra226/TB4/FCSHIELD_Ra226_Nested.root")...

Processing CheckZombie.C("../../../R4BG_WJ3/FCSHIELD/Th232E/TB1/FCSHIELD_Th232E_Nested.root")...

Processing CheckZombie.C("../../../R4BG_WJ3/FCSHIELD/Th232E/TB2/FCSHIELD_Th232E_Nested.root")...

Processing CheckZombie.C("../../../R4BG_WJ3/FCSHIELD/Th232E/TB3/FCSHIELD_Th232E_Nested.root")...

Processing CheckZombie.C("../../../R4BG_WJ3/FCSHIELD/Th232E/TB4/FCSHIELD_Th232E_Nested.root")...

Processing CheckZombie.C("../../../R4BG_WJ3/FCSHIELD/Th232L/TB1/FCSHIELD_Th232L_Nested.root")...

Processing CheckZombie.C("../../../R4BG_WJ3/FCSHIELD/Th232L/TB2/FCSHIELD_Th232L_Nested.root")...

Processing CheckZombie.C("../../../R4BG_WJ3/FCSHIELD/Th232L/TB3/FCSHIELD_Th232L_Nested.root")...

Processing CheckZombie.C("../../../R4BG_WJ3/FCSHIELD/Th232L/TB4/FCSHIELD_Th232L_Nested.root")...

Processing CheckZombie.C("../../../R4BG_WJ3/FCSHIELDPLANE/Bi210/TB1/FCSHIELDPLANE_Bi210_Nested.root")...

Processing CheckZombie.C("../../../R4BG_WJ3/FCSHIELDPLANE/Bi210/TB2/FCSHIELDPLANE_Bi210_Nested.root")...

Processing CheckZombie.C("../../../R4BG_WJ3/FCSHIELDPLANE/Bi210/TB3/FCSHIELDPLANE_Bi210_Nested.root")...

Processing CheckZombie.C("../../../R4BG_WJ3/FCSHIELDPLANE/Bi210/TB4/FCSHIELDPLANE_Bi210_Nested.root")...

Processing CheckZombie.C("../../../R4BG_WJ3/FCSHIELDPLANE/Bi214/TB1/FCSHIELDPLANE_Bi214_Nested.root")...

Processing CheckZombie.C("../../../R4BG_WJ3/FCSHIELDPLANE/Bi214/TB2/FCSHIELDPLANE_Bi214_Nested.root")...

Processing CheckZombie.C("../../../R4BG_WJ3/FCSHIELDPLANE/Bi214/TB3/FCSHIELDPLANE_Bi214_Nested.root")...

Processing CheckZombie.C("../../../R4BG_WJ3/FCSHIELDPLANE/Bi214/TB4/FCSHIELDPLANE_Bi214_Nested.root")...

Processing CheckZombie.C("../../../R4BG_WJ3/FCSHIELDPLANE/Co60/TB1/FCSHIELDPLANE_Co60_Nested.root")...

Processing CheckZombie.C("../../../R4BG_WJ3/FCSHIELDPLANE/Co60/TB2/FCSHIELDPLANE_Co60_Nested.root")...

Processing CheckZombie.C("../../../R4BG_WJ3/FCSHIELDPLANE/Co60/TB3/FCSHIELDPLANE_Co60_Nested.root")...

Processing CheckZombie.C("../../../R4BG_WJ3/FCSHIELDPLANE/Co60/TB4/FCSHIELDPLANE_Co60_Nested.root")...

Processing CheckZombie.C("../../../R4BG_WJ3/FCSHIELDPLANE/Pb212/TB1/FCSHIELDPLANE_Pb212_Nested.root")...

Processing CheckZombie.C("../../../R4BG_WJ3/FCSHIELDPLANE/Pb212/TB2/FCSHIELDPLANE_Pb212_Nested.root")...

Processing CheckZombie.C("../../../R4BG_WJ3/FCSHIELDPLANE/Pb212/TB3/FCSHIELDPLANE_Pb212_Nested.root")...

Processing CheckZombie.C("../../../R4BG_WJ3/FCSHIELDPLANE/Pb212/TB4/FCSHIELDPLANE_Pb212_Nested.root")...

Processing CheckZombie.C("../../../R4BG_WJ3/FCSHIELDPLANE/Pb214/TB1/FCSHIELDPLANE_Pb214_Nested.root")...

Processing CheckZombie.C("../../../R4BG_WJ3/FCSHIELDPLANE/Pb214/TB2/FCSHIELDPLANE_Pb214_Nested.root")...

Processing CheckZombie.C("../../../R4BG_WJ3/FCSHIELDPLANE/Pb214/TB3/FCSHIELDPLANE_Pb214_Nested.root")...

Processing CheckZombie.C("../../../R4BG_WJ3/FCSHIELDPLANE/Pb214/TB4/FCSHIELDPLANE_Pb214_Nested.root")...

Processing CheckZombie.C("../../../R4BG_WJ3/FCSHIELDPLANE/Ra226/TB1/FCSHIELDPLANE_Ra226_Nested.root")...

Processing CheckZombie.C("../../../R4BG_WJ3/FCSHIELDPLANE/Ra226/TB2/FCSHIELDPLANE_Ra226_Nested.root")...

Processing CheckZombie.C("../../../R4BG_WJ3/FCSHIELDPLANE/Ra226/TB3/FCSHIELDPLANE_Ra226_Nested.root")...

Processing CheckZombie.C("../../../R4BG_WJ3/FCSHIELDPLANE/Ra226/TB4/FCSHIELDPLANE_Ra226_Nested.root")...

Processing CheckZombie.C("../../../R4BG_WJ3/FCSHIELDPLANE/Th232E/TB1/FCSHIELDPLANE_Th232E_Nested.root")...

Processing CheckZombie.C("../../../R4BG_WJ3/FCSHIELDPLANE/Th232E/TB2/FCSHIELDPLANE_Th232E_Nested.root")...

Processing CheckZombie.C("../../../R4BG_WJ3/FCSHIELDPLANE/Th232E/TB3/FCSHIELDPLANE_Th232E_Nested.root")...

Processing CheckZombie.C("../../../R4BG_WJ3/FCSHIELDPLANE/Th232E/TB4/FCSHIELDPLANE_Th232E_Nested.root")...

Processing CheckZombie.C("../../../R4BG_WJ3/FCSHIELDPLANE/Th232L/TB1/FCSHIELDPLANE_Th232L_Nested.root")...

Processing CheckZombie.C("../../../R4BG_WJ3/FCSHIELDPLANE/Th232L/TB2/FCSHIELDPLANE_Th232L_Nested.root")...

Processing CheckZombie.C("../../../R4BG_WJ3/FCSHIELDPLANE/Th232L/TB3/FCSHIELDPLANE_Th232L_Nested.root")...

Processing CheckZombie.C("../../../R4BG_WJ3/FCSHIELDPLANE/Th232L/TB4/FCSHIELDPLANE_Th232L_Nested.root")...

Processing CheckZombie.C("../../../R4BG_WJ3/FCSHIELDPLANE/Tl208/TB1/FCSHIELDPLANE_Tl208_Nested.root")...

Processing CheckZombie.C("../../../R4BG_WJ3/FCSHIELDPLANE/Tl208/TB2/FCSHIELDPLANE_Tl208_Nested.root")...

Processing CheckZombie.C("../../../R4BG_WJ3/FCSHIELDPLANE/Tl208/TB3/FCSHIELDPLANE_Tl208_Nested.root")...

Processing CheckZombie.C("../../../R4BG_WJ3/FCSHIELDPLANE/Tl208/TB4/FCSHIELDPLANE_Tl208_Nested.root")...

Processing CheckZombie.C("../../../R4BG_WJ3/FIELDGRID/Co60/TB1/FIELDGRID_Co60_Nested.root")...

Processing CheckZombie.C("../../../R4BG_WJ3/FIELDGRID/Co60/TB2/FIELDGRID_Co60_Nested.root")...

Processing CheckZombie.C("../../../R4BG_WJ3/FIELDGRID/Co60/TB3/FIELDGRID_Co60_Nested.root")...

Processing CheckZombie.C("../../../R4BG_WJ3/FIELDGRID/Co60/TB4/FIELDGRID_Co60_Nested.root")...

Processing CheckZombie.C("../../../R4BG_WJ3/FIELDGRID/K40/TB1/FIELDGRID_K40_Nested.root")...

Processing CheckZombie.C("../../../R4BG_WJ3/FIELDGRID/K40/TB2/FIELDGRID_K40_Nested.root")...

Processing CheckZombie.C("../../../R4BG_WJ3/FIELDGRID/K40/TB3/FIELDGRID_K40_Nested.root")...

Processing CheckZombie.C("../../../R4BG_WJ3/FIELDGRID/K40/TB4/FIELDGRID_K40_Nested.root")...

Processing CheckZombie.C("../../../R4BG_WJ3/FIELDGRID/Ra226/TB1/FIELDGRID_Ra226_Nested.root")...

Processing CheckZombie.C("../../../R4BG_WJ3/FIELDGRID/Ra226/TB2/FIELDGRID_Ra226_Nested.root")...

Processing CheckZombie.C("../../../R4BG_WJ3/FIELDGRID/Ra226/TB3/FIELDGRID_Ra226_Nested.root")...

Processing CheckZombie.C("../../../R4BG_WJ3/FIELDGRID/Ra226/TB4/FIELDGRID_Ra226_Nested.root")...

Processing CheckZombie.C("../../../R4BG_WJ3/FIELDGRID/Th232E/TB1/FIELDGRID_Th232E_Nested.root")...

Processing CheckZombie.C("../../../R4BG_WJ3/FIELDGRID/Th232E/TB2/FIELDGRID_Th232E_Nested.root")...

Processing CheckZombie.C("../../../R4BG_WJ3/FIELDGRID/Th232E/TB3/FIELDGRID_Th232E_Nested.root")...

Processing CheckZombie.C("../../../R4BG_WJ3/FIELDGRID/Th232E/TB4/FIELDGRID_Th232E_Nested.root")...

Processing CheckZombie.C("../../../R4BG_WJ3/FIELDGRID/Th232L/TB1/FIELDGRID_Th232L_Nested.root")...

Processing CheckZombie.C("../../../R4BG_WJ3/FIELDGRID/Th232L/TB2/FIELDGRID_Th232L_Nested.root")...

Processing CheckZombie.C("../../../R4BG_WJ3/FIELDGRID/Th232L/TB3/FIELDGRID_Th232L_Nested.root")...

Processing CheckZombie.C("../../../R4BG_WJ3/FIELDGRID/Th232L/TB4/FIELDGRID_Th232L_Nested.root")...

Processing CheckZombie.C("../../../R4BG_WJ3/FIELDRING/Co60/TB1/FIELDRING_Co60_Nested.root")...

Processing CheckZombie.C("../../../R4BG_WJ3/FIELDRING/Co60/TB2/FIELDRING_Co60_Nested.root")...

Processing CheckZombie.C("../../../R4BG_WJ3/FIELDRING/Co60/TB3/FIELDRING_Co60_Nested.root")...

Processing CheckZombie.C("../../../R4BG_WJ3/FIELDRING/Co60/TB4/FIELDRING_Co60_Nested.root")...

Processing CheckZombie.C("../../../R4BG_WJ3/FIELDRING/Ra226/TB1/FIELDRING_Ra226_Nested.root")...

Processing CheckZombie.C("../../../R4BG_WJ3/FIELDRING/Ra226/TB2/FIELDRING_Ra226_Nested.root")...

Processing CheckZombie.C("../../../R4BG_WJ3/FIELDRING/Th232E/TB1/FIELDRING_Th232E_Nested.root")...

Processing CheckZombie.C("../../../R4BG_WJ3/FIELDRING/Th232E/TB2/FIELDRING_Th232E_Nested.root")...

Processing CheckZombie.C("../../../R4BG_WJ3/FIELDRING/Th232E/TB3/FIELDRING_Th232E_Nested.root")...

Processing CheckZombie.C("../../../R4BG_WJ3/FIELDRING/Th232E/TB4/FIELDRING_Th232E_Nested.root")...

Processing CheckZombie.C("../../../R4BG_WJ3/FIELDRING/Th232L/TB1/FIELDRING_Th232L_Nested.root")...

Processing CheckZombie.C("../../../R4BG_WJ3/FIELDRING/Th232L/TB2/FIELDRING_Th232L_Nested.root")...

Processing CheckZombie.C("../../../R4BG_WJ3/FIELDRING/Th232L/TB3/FIELDRING_Th232L_Nested.root")...

Processing CheckZombie.C("../../../R4BG_WJ3/FIELDRING/Th232L/TB4/FIELDRING_Th232L_Nested.root")...

Processing CheckZombie.C("../../../R4BG_WJ3/HDPE/Th232E/TB1/HDPE_Th232E_Nested.root")...

Processing CheckZombie.C("../../../R4BG_WJ3/HDPE/Th232E/TB2/HDPE_Th232E_Nested.root")...

Processing CheckZombie.C("../../../R4BG_WJ3/HDPE/Th232E/TB3/HDPE_Th232E_Nested.root")...

Processing CheckZombie.C("../../../R4BG_WJ3/HDPE/Th232E/TB4/HDPE_Th232E_Nested.root")...

Processing CheckZombie.C("../../../R4BG_WJ3/MYLAR/K40/TB1/MYLAR_K40_Nested.root")...

Processing CheckZombie.C("../../../R4BG_WJ3/MYLAR/K40/TB2/MYLAR_K40_Nested.root")...

Processing CheckZombie.C("../../../R4BG_WJ3/MYLAR/Ra226/TB1/MYLAR_Ra226_Nested.root")...

Processing CheckZombie.C("../../../R4BG_WJ3/MYLAR/Th232E/TB1/MYLAR_Th232E_Nested.root")...

Processing CheckZombie.C("../../../R4BG_WJ3/MYLAR/Th232E/TB2/MYLAR_Th232E_Nested.root")...

Processing CheckZombie.C("../../../R4BG_WJ3/MYLAR/Th232E/TB3/MYLAR_Th232E_Nested.root")...

Processing CheckZombie.C("../../../R4BG_WJ3/MYLAR/Th232E/TB4/MYLAR_Th232E_Nested.root")...

Processing CheckZombie.C("../../../R4BG_WJ3/MYLAR/Th232L/TB1/MYLAR_Th232L_Nested.root")...

Processing CheckZombie.C("../../../R4BG_WJ3/MYLAR/Th232L/TB2/MYLAR_Th232L_Nested.root")...

Processing CheckZombie.C("../../../R4BG_WJ3/MYLAR/Th232L/TB3/MYLAR_Th232L_Nested.root")...

Processing CheckZombie.C("../../../R4BG_WJ3/MYLAR/Th232L/TB4/MYLAR_Th232L_Nested.root")...

Processing CheckZombie.C("../../../R4BG_WJ3/PMTB/Co60/TB1/PMTB_Co60_Nested.root")...

Processing CheckZombie.C("../../../R4BG_WJ3/PMTB/Co60/TB2/PMTB_Co60_Nested.root")...

Processing CheckZombie.C("../../../R4BG_WJ3/PMTB/Co60/TB3/PMTB_Co60_Nested.root")...

Processing CheckZombie.C("../../../R4BG_WJ3/PMTB/Co60/TB4/PMTB_Co60_Nested.root")...

Processing CheckZombie.C("../../../R4BG_WJ3/PMTB/K40/TB1/PMTB_K40_Nested.root")...

Processing CheckZombie.C("../../../R4BG_WJ3/PMTB/K40/TB2/PMTB_K40_Nested.root")...

Processing CheckZombie.C("../../../R4BG_WJ3/PMTB/K40/TB3/PMTB_K40_Nested.root")...

Processing CheckZombie.C("../../../R4BG_WJ3/PMTB/K40/TB4/PMTB_K40_Nested.root")...

Processing CheckZombie.C("../../../R4BG_WJ3/PMTB/Ra226/TB1/PMTB_Ra226_Nested.root")...

Processing CheckZombie.C("../../../R4BG_WJ3/PMTB/Ra226/TB2/PMTB_Ra226_Nested.root")...

Processing CheckZombie.C("../../../R4BG_WJ3/PMTB/Ra226/TB3/PMTB_Ra226_Nested.root")...

Processing CheckZombie.C("../../../R4BG_WJ3/PMTB/Ra226/TB4/PMTB_Ra226_Nested.root")...

Processing CheckZombie.C("../../../R4BG_WJ3/PMTB/Th232E/TB1/PMTB_Th232E_Nested.root")...

Processing CheckZombie.C("../../../R4BG_WJ3/PMTB/Th232E/TB2/PMTB_Th232E_Nested.root")...

Processing CheckZombie.C("../../../R4BG_WJ3/PMTB/Th232E/TB3/PMTB_Th232E_Nested.root")...

Processing CheckZombie.C("../../../R4BG_WJ3/PMTB/Th232E/TB4/PMTB_Th232E_Nested.root")...

Processing CheckZombie.C("../../../R4BG_WJ3/PMTB/Th232L/TB1/PMTB_Th232L_Nested.root")...

Processing CheckZombie.C("../../../R4BG_WJ3/PMTB/Th232L/TB2/PMTB_Th232L_Nested.root")...

Processing CheckZombie.C("../../../R4BG_WJ3/PMTB/Th232L/TB3/PMTB_Th232L_Nested.root")...

Processing CheckZombie.C("../../../R4BG_WJ3/PMTB/Th232L/TB4/PMTB_Th232L_Nested.root")...

Processing CheckZombie.C("../../../R4BG_WJ3/PMTMOUNT/Co60/TB1/PMTMOUNT_Co60_Nested.root")...

Processing CheckZombie.C("../../../R4BG_WJ3/PMTMOUNT/Co60/TB2/PMTMOUNT_Co60_Nested.root")...

Processing CheckZombie.C("../../../R4BG_WJ3/PMTMOUNT/Co60/TB3/PMTMOUNT_Co60_Nested.root")...

Processing CheckZombie.C("../../../R4BG_WJ3/PMTMOUNT/Co60/TB4/PMTMOUNT_Co60_Nested.root")...

Processing CheckZombie.C("../../../R4BG_WJ3/PMTMOUNT/Ra226/TB1/PMTMOUNT_Ra226_Nested.root")...

Processing CheckZombie.C("../../../R4BG_WJ3/PMTMOUNT/Ra226/TB2/PMTMOUNT_Ra226_Nested.root")...

Processing CheckZombie.C("../../../R4BG_WJ3/PMTMOUNT/Ra226/TB3/PMTMOUNT_Ra226_Nested.root")...

Processing CheckZombie.C("../../../R4BG_WJ3/PMTMOUNT/Th232E/TB1/PMTMOUNT_Th232E_Nested.root")...

Processing CheckZombie.C("../../../R4BG_WJ3/PMTMOUNT/Th232L/TB1/PMTMOUNT_Th232L_Nested.root")...

Processing CheckZombie.C("../../../R4BG_WJ3/PMTMOUNT/Th232L/TB2/PMTMOUNT_Th232L_Nested.root")...

Processing CheckZombie.C("../../../R4BG_WJ3/PMTMOUNT/Th232L/TB3/PMTMOUNT_Th232L_Nested.root")...

Processing CheckZombie.C("../../../R4BG_WJ3/PMTMOUNT/Th232L/TB4/PMTMOUNT_Th232L_Nested.root")...

Processing CheckZombie.C("../../../R4BG_WJ3/PMTT/Co60/TB1/PMTT_Co60_Nested.root")...

Processing CheckZombie.C("../../../R4BG_WJ3/PMTT/Co60/TB2/PMTT_Co60_Nested.root")...

Processing CheckZombie.C("../../../R4BG_WJ3/PMTT/Co60/TB3/PMTT_Co60_Nested.root")...

Processing CheckZombie.C("../../../R4BG_WJ3/PMTT/Co60/TB4/PMTT_Co60_Nested.root")...

Processing CheckZombie.C("../../../R4BG_WJ3/PMTT/K40/TB1/PMTT_K40_Nested.root")...

Processing CheckZombie.C("../../../R4BG_WJ3/PMTT/K40/TB2/PMTT_K40_Nested.root")...

Processing CheckZombie.C("../../../R4BG_WJ3/PMTT/K40/TB3/PMTT_K40_Nested.root")...

Processing CheckZombie.C("../../../R4BG_WJ3/PMTT/K40/TB4/PMTT_K40_Nested.root")...

Processing CheckZombie.C("../../../R4BG_WJ3/PMTT/Th232E/TB1/PMTT_Th232E_Nested.root")...

Processing CheckZombie.C("../../../R4BG_WJ3/PMTT/Th232E/TB2/PMTT_Th232E_Nested.root")...

Processing CheckZombie.C("../../../R4BG_WJ3/PMTT/Th232L/TB1/PMTT_Th232L_Nested.root")...

Processing CheckZombie.C("../../../R4BG_WJ3/PMTT/Th232L/TB2/PMTT_Th232L_Nested.root")...

Processing CheckZombie.C("../../../R4BG_WJ3/PTFE/Th232E/TB1/PTFE_Th232E_Nested.root")...

Processing CheckZombie.C("../../../R4BG_WJ3/PTFE/Th232E/TB2/PTFE_Th232E_Nested.root")...

Processing CheckZombie.C("../../../R4BG_WJ3/PTFE/Th232E/TB3/PTFE_Th232E_Nested.root")...

Processing CheckZombie.C("../../../R4BG_WJ3/PTFE/Th232E/TB4/PTFE_Th232E_Nested.root")...

Processing CheckZombie.C("../../../R4BG_WJ3/REFLECTOR/Ra226/TB1/REFLECTOR_Ra226_Nested.root")...

Processing CheckZombie.C("../../../R4BG_WJ3/REFLECTOR/Ra226/TB2/REFLECTOR_Ra226_Nested.root")...

Processing CheckZombie.C("../../../R4BG_WJ3/REFLECTOR/Ra226/TB3/REFLECTOR_Ra226_Nested.root")...

Processing CheckZombie.C("../../../R4BG_WJ3/REFLECTOR/Ra226/TB4/REFLECTOR_Ra226_Nested.root")...

Processing CheckZombie.C("../../../R4BG_WJ3/REFLECTOR/Th232E/TB1/REFLECTOR_Th232E_Nested.root")...

Processing CheckZombie.C("../../../R4BG_WJ3/REFLECTOR/Th232E/TB2/REFLECTOR_Th232E_Nested.root")...

Processing CheckZombie.C("../../../R4BG_WJ3/REFLECTOR/Th232E/TB3/REFLECTOR_Th232E_Nested.root")...

Processing CheckZombie.C("../../../R4BG_WJ3/REFLECTOR/Th232E/TB4/REFLECTOR_Th232E_Nested.root")...

Processing CheckZombie.C("../../../R4BG_WJ3/REFLECTOR/Th232L/TB1/REFLECTOR_Th232L_Nested.root")...

Processing CheckZombie.C("../../../R4BG_WJ3/REFLECTOR/Th232L/TB2/REFLECTOR_Th232L_Nested.root")...

Processing CheckZombie.C("../../../R4BG_WJ3/REFLECTOR/Th232L/TB3/REFLECTOR_Th232L_Nested.root")...

Processing CheckZombie.C("../../../R4BG_WJ3/REFLECTOR/Th232L/TB4/REFLECTOR_Th232L_Nested.root")...

Processing CheckZombie.C("../../../R4BG_WJ3/THERMALSHIELD/K40/TB1/THERMALSHIELD_K40_Nested.root")...

Processing CheckZombie.C("../../../R4BG_WJ3/THERMALSHIELD/K40/TB2/THERMALSHIELD_K40_Nested.root")...

Processing CheckZombie.C("../../../R4BG_WJ3/THERMALSHIELD/K40/TB3/THERMALSHIELD_K40_Nested.root")...

Processing CheckZombie.C("../../../R4BG_WJ3/THERMALSHIELD/K40/TB4/THERMALSHIELD_K40_Nested.root")...

Processing CheckZombie.C("../../../R4BG_WJ3/THERMALSHIELD/Th232E/TB1/THERMALSHIELD_Th232E_Nested.root")...

Processing CheckZombie.C("../../../R4BG_WJ3/THERMALSHIELD/Th232E/TB2/THERMALSHIELD_Th232E_Nested.root")...

Processing CheckZombie.C("../../../R4BG_WJ3/TOPSHIELD/Co60/TB1/TOPSHIELD_Co60_Nested.root")...

Processing CheckZombie.C("../../../R4BG_WJ3/TOPSHIELD/Co60/TB2/TOPSHIELD_Co60_Nested.root")...

Processing CheckZombie.C("../../../R4BG_WJ3/TOPSHIELD/Co60/TB3/TOPSHIELD_Co60_Nested.root")...

Processing CheckZombie.C("../../../R4BG_WJ3/TOPSHIELD/Co60/TB4/TOPSHIELD_Co60_Nested.root")...

Processing CheckZombie.C("../../../R4BG_WJ3/TOPSHIELD/Ra226/TB1/TOPSHIELD_Ra226_Nested.root")...

Processing CheckZombie.C("../../../R4BG_WJ3/TOPSHIELD/Ra226/TB2/TOPSHIELD_Ra226_Nested.root")...

Processing CheckZombie.C("../../../R4BG_WJ3/TOPSHIELD/Ra226/TB3/TOPSHIELD_Ra226_Nested.root")...

Processing CheckZombie.C("../../../R4BG_WJ3/TOPSHIELD/Ra226/TB4/TOPSHIELD_Ra226_Nested.root")...

Processing CheckZombie.C("../../../R4BG_WJ3/TOPSHIELD/Th232E/TB1/TOPSHIELD_Th232E_Nested.root")...

Processing CheckZombie.C("../../../R4BG_WJ3/TOPSHIELD/Th232E/TB2/TOPSHIELD_Th232E_Nested.root")...

Processing CheckZombie.C("../../../R4BG_WJ3/TOPSHIELD/Th232E/TB3/TOPSHIELD_Th232E_Nested.root")...

Processing CheckZombie.C("../../../R4BG_WJ3/TOPSHIELD/Th232E/TB4/TOPSHIELD_Th232E_Nested.root")...

Processing CheckZombie.C("../../../R4BG_WJ3/TOPSHIELD/Th232L/TB1/TOPSHIELD_Th232L_Nested.root")...

Processing CheckZombie.C("../../../R4BG_WJ3/TOPSHIELD/Th232L/TB2/TOPSHIELD_Th232L_Nested.root")...

Processing CheckZombie.C("../../../R4BG_WJ3/TOPSHIELD/Th232L/TB3/TOPSHIELD_Th232L_Nested.root")...

Processing CheckZombie.C("../../../R4BG_WJ3/TOPSHIELD/Th232L/TB4/TOPSHIELD_Th232L_Nested.root")...

Processing CheckZombie.C("../../../R4BG_WJ3/XENON/Kr85/TB1/XENON_Kr85_Nested.root")...

Processing CheckZombie.C("../../../R4BG_WJ3/XENON/Kr85/TB2/XENON_Kr85_Nested.root")...

Processing CheckZombie.C("../../../R4BG_WJ3/XENON/Rn220/TB1/XENON_Rn220_Nested.root")...

Processing CheckZombie.C("../../../R4BG_WJ3/XENON/Rn220/TB2/XENON_Rn220_Nested.root")...

Processing CheckZombie.C("../../../R4BG_WJ3/XENON/Rn220/TB3/XENON_Rn220_Nested.root")...

Processing CheckZombie.C("../../../R4BG_WJ3/XENON/Rn220/TB4/XENON_Rn220_Nested.root")...

Processing CheckZombie.C("../../../R4BG_WJ3/XENON/Rn222/TB1/XENON_Rn222_Nested.root")...

Processing CheckZombie.C("../../../R4BG_WJ3/XENON/Rn222/TB2/XENON_Rn222_Nested.root")...

Processing CheckZombie.C("../../../R4BG_WJ3/XENON/Rn222/TB3/XENON_Rn222_Nested.root")...

Processing CheckZombie.C("../../../R4BG_WJ3/XENON/Rn222/TB4/XENON_Rn222_Nested.root")...

Processing CheckZombie.C("../../../R4BG_WJ3/XENON/Xe127/TB1/XENON_Xe127_Nested.root")...

Processing CheckZombie.C("../../../R4BG_WJ3/XENON/Xe127/TB2/XENON_Xe127_Nested.root")...
